INFO:dropbox:Request to files/upload
INFO:root:/PythonProjects/PantryPal/output\pantry.jpg uploaded to /pantry.jpg
INFO:dropbox:Request to files/upload
INFO:root:/PythonProjects/PantryPal/output\pantry.jpg unable to be uploaded
INFO:dropbox:Request to files/upload
INFO:root:/PythonProjects/PantryPal/output\pantry.jpg unable to be uploaded
INFO:dropbox:Request to files/upload
INFO:root:/PythonProjects/PantryPal/output\pantry.jpg unable to be uploaded
INFO:dropbox:Request to files/upload
INFO:root:/PythonProjects/PantryPal/output\pantry.jpg unable to be uploaded
INFO:dropbox:Request to files/upload
INFO:root:/PythonProjects/PantryPal/output\pantry.jpg unable to be uploaded
INFO:dropbox:Request to files/upload
INFO:root:/PythonProjects/PantryPal/output\pantry.jpg unable to be uploaded
INFO:dropbox:Request to files/upload
INFO:root:/PythonProjects/PantryPal/output\pantry1.jpg uploaded to /pantry1.jpg
INFO:dropbox:Request to files/upload
INFO:root:/PythonProjects/PantryPal/output\pantry.jpg unable to be uploaded
INFO:dropbox:Request to files/upload
INFO:root:/PythonProjects/PantryPal/output\pantry1.jpg unable to be uploaded
INFO:dropbox:Request to files/upload
INFO:root:/PythonProjects/PantryPal/output\pantry.jpg unable to be uploaded
INFO:dropbox:Request to files/upload
INFO:root:/PythonProjects/PantryPal/output\pantry1.jpg unable to be uploaded
INFO:dropbox:Request to files/upload
INFO:root:/PythonProjects/PantryPal/output\pantry.jpg unable to be uploaded
INFO:dropbox:Request to files/upload
INFO:root:/PythonProjects/PantryPal/output\pantry4.jpg uploaded to /pantry4.jpg
INFO:dropbox:Request to files/upload
INFO:root:/PythonProjects/PantryPal/output\pantry.jpg unable to be uploaded
INFO:dropbox:Request to files/upload
INFO:root:/PythonProjects/PantryPal/output\pantry3.jpg uploaded to /pantry3.jpg
INFO:dropbox:Request to files/upload
INFO:root:/PythonProjects/PantryPal/output\pantry4.jpg uploaded to /pantry4.jpg
INFO:dropbox:Request to files/upload
INFO:root:/PythonProjects/PantryPal/output\pantry.jpg unable to be uploaded
INFO:dropbox:Request to files/upload
INFO:root:/PythonProjects/PantryPal/output\pantry2.jpg uploaded to /pantry2.jpg
INFO:dropbox:Request to files/upload
INFO:root:/PythonProjects/PantryPal/output\pantry3.jpg uploaded to /pantry3.jpg
INFO:dropbox:Request to files/upload
INFO:root:/PythonProjects/PantryPal/output\pantry4.jpg uploaded to /pantry4.jpg
INFO:dropbox:Request to files/upload
INFO:root:/PythonProjects/PantryPal/output\pantry.jpg unable to be uploaded
INFO:dropbox:Request to files/upload
INFO:root:/PythonProjects/PantryPal/output\pantry1.jpg unable to be uploaded
INFO:dropbox:Request to files/upload
INFO:root:/PythonProjects/PantryPal/output\pantry2.jpg uploaded to /pantry2.jpg
INFO:dropbox:Request to files/upload
INFO:root:/PythonProjects/PantryPal/output\pantry3.jpg uploaded to /pantry3.jpg
INFO:dropbox:Request to files/upload
INFO:root:/PythonProjects/PantryPal/output\pantry4.jpg uploaded to /pantry4.jpg
INFO:dropbox:Request to files/upload
INFO:root:/PythonProjects/PantryPal/output\pantry.jpg unable to be uploaded
INFO:dropbox:Request to files/upload
INFO:root:/PythonProjects/PantryPal/output\pantry1.jpg unable to be uploaded
INFO:dropbox:Request to files/upload
INFO:root:/PythonProjects/PantryPal/output\pantry2.jpg uploaded to /pantry2.jpg
INFO:dropbox:Request to files/upload
INFO:root:/PythonProjects/PantryPal/output\pantry3.jpg uploaded to /pantry3.jpg
INFO:dropbox:Request to files/upload
INFO:root:/PythonProjects/PantryPal/output\pantry4.jpg uploaded to /pantry4.jpg
INFO:dropbox:Request to files/upload
INFO:root:/PythonProjects/PantryPal/output\pantry.jpg unable to be uploaded
INFO:dropbox:Request to files/upload
INFO:root:/PythonProjects/PantryPal/output\pantry.jpg unable to be uploaded
INFO:dropbox:Request to files/upload
INFO:root:/PythonProjects/PantryPal/output\pantry.jpg unable to be uploaded
INFO:dropbox:Request to files/upload
INFO:root:/PythonProjects/PantryPal/output\pantry.jpg unable to be uploaded
INFO:dropbox:Request to files/upload
INFO:root:/PythonProjects/PantryPal/output\pantry.jpg uploaded to /pantry.jpg
INFO:dropbox:Request to files/list_folder
INFO:dropbox:Request to files/list_folder
INFO:dropbox:Request to files/list_folder
INFO:dropbox:Request to files/list_folder
INFO:dropbox:Request to files/list_folder
INFO:dropbox:Request to files/list_folder
INFO:dropbox:Request to files/delete
INFO:dropbox:Request to files/delete
INFO:dropbox:Request to files/upload
INFO:root:/PythonProjects/PantryPal/output\pantry.jpg uploaded to /pantry.jpg
INFO:dropbox:Request to files/list_folder
INFO:dropbox:Request to files/delete
INFO:dropbox:Request to files/upload
INFO:root:/PythonProjects/PantryPal/output\pantry.jpg uploaded to /pantry.jpg
